  MyForm.cpp
c:\ргр\ргр\Classes.h(31): warning C4244: инициализация: преобразование "int" в "float", возможна потеря данных
c:\ргр\ргр\Classes.h(32): warning C4244: инициализация: преобразование "int" в "float", возможна потеря данных
c:\ргр\ргр\Classes.h(35): warning C4244: инициализация: преобразование "int" в "float", возможна потеря данных
c:\ргр\ргр\Classes.h(36): warning C4244: инициализация: преобразование "int" в "float", возможна потеря данных
c:\ргр\ргр\Classes.h(91): warning C4244: =: преобразование "double" в "float", возможна потеря данных
c:\ргр\ргр\Classes.h(111): warning C4244: инициализация: преобразование "double" в "int", возможна потеря данных
c:\ргр\ргр\Classes.h(112): warning C4244: инициализация: преобразование "float" в "int", возможна потеря данных
c:\ргр\ргр\Classes.h(140): warning C4244: аргумент: преобразование "double" в "float", возможна потеря данных
c:\ргр\ргр\Classes.h(148): warning C4244: инициализация: преобразование "float" в "int", возможна потеря данных
c:\ргр\ргр\Classes.h(150): warning C4244: =: преобразование "float" в "int", возможна потеря данных
c:\ргр\ргр\Classes.h(155): warning C4244: =: преобразование "double" в "float", возможна потеря данных
c:\ргр\ргр\Classes.h(156): warning C4244: =: преобразование "double" в "float", возможна потеря данных
c:\ргр\ргр\Classes.h(158): warning C4244: =: преобразование "double" в "float", возможна потеря данных
c:\ргр\ргр\Classes.h(169): warning C4244: =: преобразование "double" в "float", возможна потеря данных
c:\ргр\ргр\Classes.h(212): warning C4244: инициализация: преобразование "float" в "int", возможна потеря данных
c:\ргр\ргр\Classes.h(236): warning C4244: аргумент: преобразование "int" в "float", возможна потеря данных
c:\ргр\ргр\MyForm.h(378): warning C4244: инициализация: преобразование "int" в "float", возможна потеря данных
c:\ргр\ргр\MyForm.h(379): warning C4244: инициализация: преобразование "int" в "float", возможна потеря данных
c:\ргр\ргр\MyForm.h(380): warning C4244: инициализация: преобразование "int" в "float", возможна потеря данных
c:\ргр\ргр\MyForm.h(389): warning C4244: =: преобразование "double" в "float", возможна потеря данных
c:\ргр\ргр\MyForm.h(390): warning C4244: =: преобразование "double" в "float", возможна потеря данных
c:\ргр\ргр\MyForm.h(399): warning C4244: инициализация: преобразование "double" в "int", возможна потеря данных
  РГР.vcxproj -> C:\ргр\РГР\Debug\РГР.exe
