  MyForm.cpp
c:\2курс\ргр\ргр.елисеев.про-211\проект\Classes.h(31): warning C4244: инициализация: преобразование "int" в "float", возможна потеря данных
c:\2курс\ргр\ргр.елисеев.про-211\проект\Classes.h(32): warning C4244: инициализация: преобразование "int" в "float", возможна потеря данных
c:\2курс\ргр\ргр.елисеев.про-211\проект\Classes.h(35): warning C4244: инициализация: преобразование "int" в "float", возможна потеря данных
c:\2курс\ргр\ргр.елисеев.про-211\проект\Classes.h(36): warning C4244: инициализация: преобразование "int" в "float", возможна потеря данных
c:\2курс\ргр\ргр.елисеев.про-211\проект\Classes.h(91): warning C4244: =: преобразование "double" в "float", возможна потеря данных
c:\2курс\ргр\ргр.елисеев.про-211\проект\Classes.h(111): warning C4244: инициализация: преобразование "double" в "int", возможна потеря данных
c:\2курс\ргр\ргр.елисеев.про-211\проект\Classes.h(112): warning C4244: инициализация: преобразование "float" в "int", возможна потеря данных
c:\2курс\ргр\ргр.елисеев.про-211\проект\Classes.h(140): warning C4244: аргумент: преобразование "double" в "float", возможна потеря данных
c:\2курс\ргр\ргр.елисеев.про-211\проект\Classes.h(148): warning C4244: инициализация: преобразование "float" в "int", возможна потеря данных
c:\2курс\ргр\ргр.елисеев.про-211\проект\Classes.h(150): warning C4244: =: преобразование "float" в "int", возможна потеря данных
c:\2курс\ргр\ргр.елисеев.про-211\проект\Classes.h(155): warning C4244: =: преобразование "double" в "float", возможна потеря данных
c:\2курс\ргр\ргр.елисеев.про-211\проект\Classes.h(156): warning C4244: =: преобразование "double" в "float", возможна потеря данных
c:\2курс\ргр\ргр.елисеев.про-211\проект\Classes.h(158): warning C4244: =: преобразование "double" в "float", возможна потеря данных
c:\2курс\ргр\ргр.елисеев.про-211\проект\Classes.h(169): warning C4244: =: преобразование "double" в "float", возможна потеря данных
c:\2курс\ргр\ргр.елисеев.про-211\проект\Classes.h(212): warning C4244: инициализация: преобразование "float" в "int", возможна потеря данных
c:\2курс\ргр\ргр.елисеев.про-211\проект\Classes.h(236): warning C4244: аргумент: преобразование "int" в "float", возможна потеря данных
c:\2курс\ргр\ргр.елисеев.про-211\проект\MyForm.h(378): warning C4244: инициализация: преобразование "int" в "float", возможна потеря данных
c:\2курс\ргр\ргр.елисеев.про-211\проект\MyForm.h(379): warning C4244: инициализация: преобразование "int" в "float", возможна потеря данных
c:\2курс\ргр\ргр.елисеев.про-211\проект\MyForm.h(380): warning C4244: инициализация: преобразование "int" в "float", возможна потеря данных
c:\2курс\ргр\ргр.елисеев.про-211\проект\MyForm.h(389): warning C4244: =: преобразование "double" в "float", возможна потеря данных
c:\2курс\ргр\ргр.елисеев.про-211\проект\MyForm.h(390): warning C4244: =: преобразование "double" в "float", возможна потеря данных
c:\2курс\ргр\ргр.елисеев.про-211\проект\MyForm.h(399): warning C4244: инициализация: преобразование "double" в "int", возможна потеря данных
MyForm.cpp(9): warning C4007: WinMain: должен быть "__stdcall"
  РГР.vcxproj -> C:\2курс\ргр\РГР.Елисеев.ПРО-211\Проект\Release\РГР.exe
